<?xml version="1.0" encoding="UTF-8"?>
<!-- Generated by org.testng.reporters.JUnitReportReporter -->
<testsuite skipped="0" hostname="BijayaChhetri" name="selPack.S01_facebookTest" tests="1" failures="0" timestamp="07 Aug 2020 22:56:01 GMT" time="19.842" errors="0">
  <testcase name="facebook" time="19.842" classname="selPack.S01_facebookTest"/>
</testsuite> <!-- selPack.S01_facebookTest -->
