<?xml version="1.0" encoding="UTF-8"?>
<!-- Generated by org.testng.reporters.JUnitReportReporter -->
<testsuite skipped="0" hostname="BijayaChhetri" name="selPackTest.a3" tests="1" failures="0" timestamp="11 Aug 2020 22:58:28 GMT" time="11.466" errors="0">
  <testcase name="method2" time="11.466" classname="selPackTest.a3"/>
</testsuite> <!-- selPackTest.a3 -->
