<?xml version="1.0" encoding="UTF-8"?>
<!-- Generated by org.testng.reporters.JUnitReportReporter -->
<testsuite skipped="0" hostname="BijayaChhetri" name="testNG.p04" tests="1" failures="0" timestamp="07 Aug 2020 22:56:01 GMT" time="8.012" errors="0">
  <testcase name="test" time="8.012" classname="testNG.p04"/>
</testsuite> <!-- testNG.p04 -->
