<?xml version="1.0" encoding="UTF-8"?>
<!-- Generated by org.testng.reporters.JUnitReportReporter -->
<testsuite skipped="0" hostname="BijayaChhetri" name="selPackTest.DemoAutomation" tests="2" failures="0" timestamp="12 Aug 2020 00:27:22 GMT" time="3.465" errors="0">
  <testcase name="method5" time="1.024" classname="selPackTest.DemoAutomation"/>
  <testcase name="method4" time="2.441" classname="selPackTest.DemoAutomation"/>
</testsuite> <!-- selPackTest.DemoAutomation -->
