<?xml version="1.0" encoding="UTF-8"?>
<!-- Generated by org.testng.reporters.JUnitReportReporter -->
<testsuite skipped="0" hostname="BijayaChhetri" name="testNG.p03_Assert" tests="1" failures="0" timestamp="07 Aug 2020 23:11:36 GMT" time="10.339" errors="0">
  <testcase name="test2" time="10.339" classname="testNG.p03_Assert"/>
</testsuite> <!-- testNG.p03_Assert -->
