<?xml version="1.0" encoding="UTF-8"?>
<!-- Generated by org.testng.reporters.JUnitReportReporter -->
<testsuite skipped="0" hostname="BijayaChhetri" name="testNG.p04Test" tests="1" failures="0" timestamp="10 Aug 2020 23:13:40 GMT" time="9.442" errors="0">
  <testcase name="test" time="9.442" classname="testNG.p04Test"/>
</testsuite> <!-- testNG.p04Test -->
