<?xml version="1.0" encoding="UTF-8"?>
<!-- Generated by org.testng.reporters.JUnitReportReporter -->
<testsuite skipped="0" hostname="BijayaChhetri" name="selPackTest.Test_Facebook" tests="1" failures="0" timestamp="08 Aug 2020 16:57:19 GMT" time="4.484" errors="0">
  <testcase name="fb_signup" time="4.484" classname="selPackTest.Test_Facebook"/>
</testsuite> <!-- selPackTest.Test_Facebook -->
