<?xml version="1.0" encoding="UTF-8"?>
<!-- Generated by org.testng.reporters.JUnitReportReporter -->
<testsuite skipped="0" hostname="BijayaChhetri" name="selPackTest.a2" tests="1" failures="0" timestamp="11 Aug 2020 23:18:35 GMT" time="17.042" errors="0">
  <testcase name="openMethod2" time="17.042" classname="selPackTest.a2"/>
</testsuite> <!-- selPackTest.a2 -->
