<?xml version="1.0" encoding="UTF-8"?>
<!-- Generated by org.testng.reporters.JUnitReportReporter -->
<testsuite skipped="0" hostname="BijayaChhetri" name="testNG.p02_QaClickAcademy" tests="1" failures="0" timestamp="07 Aug 2020 22:56:01 GMT" time="0.001" errors="0">
  <testcase name="testScript" time="0.001" classname="testNG.p02_QaClickAcademy"/>
</testsuite> <!-- testNG.p02_QaClickAcademy -->
