<?xml version="1.0" encoding="UTF-8"?>
<!-- Generated by org.testng.reporters.JUnitReportReporter -->
<testsuite skipped="0" hostname="BijayaChhetri" name="testNG.p05" tests="1" failures="0" timestamp="07 Aug 2020 22:56:01 GMT" time="12.141" errors="0">
  <testcase name="test" time="12.141" classname="testNG.p05"/>
</testsuite> <!-- testNG.p05 -->
