<?xml version="1.0" encoding="UTF-8"?>
<!-- Generated by org.testng.reporters.JUnitReportReporter -->
<testsuite skipped="0" hostname="BijayaChhetri" name="testNG.p01_AutomationDemo" tests="1" failures="0" timestamp="07 Aug 2020 22:56:01 GMT" time="8.451" errors="0">
  <testcase name="test2" time="8.451" classname="testNG.p01_AutomationDemo"/>
</testsuite> <!-- testNG.p01_AutomationDemo -->
