<?xml version="1.0" encoding="UTF-8"?>
<!-- Generated by org.testng.reporters.JUnitReportReporter -->
<testsuite skipped="0" hostname="BijayaChhetri" name="selPackTest.Test_Facebook" tests="1" failures="0" timestamp="10 Aug 2020 23:07:36 GMT" time="5.317" errors="0">
  <testcase name="fb_signup" time="5.317" classname="selPackTest.Test_Facebook"/>
</testsuite> <!-- selPackTest.Test_Facebook -->
