<?xml version="1.0" encoding="UTF-8"?>
<!-- Generated by org.testng.reporters.JUnitReportReporter -->
<testsuite skipped="0" hostname="BijayaChhetri" name="testNG.p01_AutoDemoTest" tests="1" failures="0" timestamp="10 Aug 2020 23:07:36 GMT" time="9.559" errors="0">
  <testcase name="test2" time="9.559" classname="testNG.p01_AutoDemoTest"/>
</testsuite> <!-- testNG.p01_AutoDemoTest -->
