<?xml version="1.0" encoding="UTF-8"?>
<!-- Generated by org.testng.reporters.JUnitReportReporter -->
<testsuite skipped="0" hostname="BijayaChhetri" name="testNG.p05Test" tests="1" failures="0" timestamp="10 Aug 2020 23:07:36 GMT" time="14.696" errors="0">
  <testcase name="test" time="14.696" classname="testNG.p05Test"/>
</testsuite> <!-- testNG.p05Test -->
